<?xml version="1.0" encoding="UTF-8"?>
<!-- Generated by org.testng.reporters.JUnitReportReporter -->
<testsuite hostname="DESKTOP-8UST9F6" failures="0" tests="4" name="Codewars.FindingLastElementInArray" time="0.022" errors="0" timestamp="2024-09-05T16:22:28 IST" skipped="0">
  <testcase classname="Codewars.FindingLastElementInArray" name="testArgs" time="0.015"/>
  <system-out/>
  <testcase classname="Codewars.FindingLastElementInArray" name="testList" time="0.002"/>
  <system-out/>
  <testcase classname="Codewars.FindingLastElementInArray" name="testArray" time="0.002"/>
  <system-out/>
  <testcase classname="Codewars.FindingLastElementInArray" name="testString" time="0.003"/>
  <system-out/>
</testsuite> <!-- Codewars.FindingLastElementInArray -->
